::1 - - [16/Apr/2023:14:45:53 +0200] "GET / HTTP/1.1" 200 205
::1 - - [16/Apr/2023:14:45:53 +0200] "GET /favicon.ico HTTP/1.1" 404 209
::1 - - [16/Apr/2023:14:45:55 +0200] "GET /eindwerk/ HTTP/1.1" 200 1116
::1 - - [16/Apr/2023:14:46:01 +0200] "GET /eindwerk/inloggen.html HTTP/1.1" 200 1005
::1 - - [16/Apr/2023:14:46:01 +0200] "GET /eindwerk/full%20screen.css HTTP/1.1" 200 4881
::1 - - [16/Apr/2023:14:46:01 +0200] "GET /eindwerk/afbeeldingen/Knipsel_garage_50.png HTTP/1.1" 200 50806
::1 - - [16/Apr/2023:14:47:26 +0200] "GET /phpmyadmin HTTP/1.1" 301 241
::1 - - [16/Apr/2023:14:47:26 +0200] "GET /phpmyadmin/ HTTP/1.1" 200 8555
::1 - - [16/Apr/2023:14:47:27 +0200] "GET /phpmyadmin/themes/pmahomme/jquery/jquery-ui-1.9.2.custom.css HTTP/1.1" 200 32739
::1 - - [16/Apr/2023:14:47:27 +0200] "GET /phpmyadmin/js/get_image.js.php?theme=pmahomme HTTP/1.1" 200 6364
::1 - - [16/Apr/2023:14:47:27 +0200] "GET /phpmyadmin/js/get_scripts.js.php?scripts[]=jquery/jquery-1.8.3.js&scripts[]=ajax.js&scripts[]=keyhandler.js&scripts[]=jquery/jquery-ui-1.9.2.custom.js&scripts[]=jquery/jquery.sprintf.js&scripts[]=jquery/jquery.cookie.js&scripts[]=jquery/jquery.mousewheel.js&scripts[]=jquery/jquery.event.drag-2.2.js&scripts[]=jquery/jquery-ui-timepicker-addon.js&scripts[]=jquery/jquery.ba-hashchange-1.3.js&scripts[]=jquery/jquery.debounce-1.0.5.js&scripts[]=jquery/jquery.menuResizer-1.0.js&scripts[]=rte.js&scripts[]=functions.js&scripts[]=navigation.js&scripts[]=indexes.js&scripts[]=common.js&scripts[]=codemirror/lib/codemirror.js&scripts[]=codemirror/mode/mysql/mysql.js HTTP/1.1" 200 578621
::1 - - [16/Apr/2023:14:47:27 +0200] "GET /phpmyadmin/phpmyadmin.css.php?server=1&lang=nl&collation_connection=utf8_general_ci&token=22278da279fda2c01ce203796a98daf9&nocache=5035440838ltr HTTP/1.1" 200 92653
::1 - - [16/Apr/2023:14:47:28 +0200] "GET /phpmyadmin/themes/pmahomme/img/logo_right.png HTTP/1.1" 200 4548
::1 - - [16/Apr/2023:14:47:28 +0200] "GET /phpmyadmin/themes/dot.gif HTTP/1.1" 200 43
::1 - - [16/Apr/2023:14:47:27 +0200] "GET /phpmyadmin/js/messages.php?lang=nl&db=&server=0&collation_connection=utf8_general_ci&token=04a9e6dcbd574a718b2b2248747d6dc6 HTTP/1.1" 200 18199
::1 - - [16/Apr/2023:14:47:28 +0200] "GET /phpmyadmin/themes/pmahomme/img/sprites.png HTTP/1.1" 200 61899
::1 - - [16/Apr/2023:14:47:28 +0200] "GET /phpmyadmin/favicon.ico HTTP/1.1" 200 18902
::1 - - [16/Apr/2023:14:47:47 +0200] "POST /phpmyadmin/index.php HTTP/1.1" 302 -
::1 - - [16/Apr/2023:14:47:47 +0200] "GET /phpmyadmin/index.php?token=22278da279fda2c01ce203796a98daf9 HTTP/1.1" 200 8179
::1 - - [16/Apr/2023:14:47:47 +0200] "GET /phpmyadmin/phpmyadmin.css.php?server=1&token=22278da279fda2c01ce203796a98daf9&nocache=5035440838ltr HTTP/1.1" 200 92653
::1 - - [16/Apr/2023:14:47:47 +0200] "GET /phpmyadmin/js/messages.php?lang=nl&db=&server=0&token=22278da279fda2c01ce203796a98daf9 HTTP/1.1" 200 18199
::1 - - [16/Apr/2023:14:48:01 +0200] "POST /phpmyadmin/index.php HTTP/1.1" 302 -
::1 - - [16/Apr/2023:14:48:02 +0200] "GET /phpmyadmin/index.php?token=22278da279fda2c01ce203796a98daf9 HTTP/1.1" 200 44705
::1 - - [16/Apr/2023:14:48:02 +0200] "GET /phpmyadmin/themes/pmahomme/img/logo_left.png HTTP/1.1" 200 2327
::1 - - [16/Apr/2023:14:48:02 +0200] "GET /phpmyadmin/themes/pmahomme/img/ajax_clock_small.gif HTTP/1.1" 200 1810
::1 - - [16/Apr/2023:14:48:02 +0200] "GET /phpmyadmin/phpmyadmin.css.php?server=1&token=22278da279fda2c01ce203796a98daf9&nocache=6717090120ltr HTTP/1.1" 200 92653
::1 - - [16/Apr/2023:14:48:02 +0200] "GET /phpmyadmin/themes/pmahomme/img/left_nav_bg.png HTTP/1.1" 200 297
::1 - - [16/Apr/2023:14:48:02 +0200] "GET /phpmyadmin/version_check.php?&_nocache=168164928290667908 HTTP/1.1" 200 39
::1 - - [16/Apr/2023:14:48:14 +0200] "GET /phpmyadmin/db_operations.php?server=1&db=test&token=22278da279fda2c01ce203796a98daf9&ajax_request=true&ajax_page_request=true&menuHashes=d7063b79&_nocache=1681649294104596571 HTTP/1.1" 200 36907
::1 - - [16/Apr/2023:14:48:14 +0200] "GET /phpmyadmin/js/get_scripts.js.php?scripts[]=db_operations.js HTTP/1.1" 200 1854
::1 - - [16/Apr/2023:14:48:45 +0200] "POST /phpmyadmin/tbl_create.php HTTP/1.1" 200 143603
::1 - - [16/Apr/2023:14:48:45 +0200] "GET /phpmyadmin/index.php?ajax_request=1&recent_table=1&token=22278da279fda2c01ce203796a98daf9 HTTP/1.1" 200 221
::1 - - [16/Apr/2023:14:50:15 +0200] "POST /phpmyadmin/tbl_create.php HTTP/1.1" 200 6817
::1 - - [16/Apr/2023:14:50:15 +0200] "GET /phpmyadmin/db_structure.php?token=22278da279fda2c01ce203796a98daf9&server=1&db=test&table=Inloggegevens&ajax_request=true&ajax_page_request=true&menuHashes=d7063b79-5cc30270-a861552a&_nocache=1681649415274839067 HTTP/1.1" 200 9720
::1 - - [16/Apr/2023:14:50:15 +0200] "GET /phpmyadmin/themes/pmahomme/img/arrow_ltr.png HTTP/1.1" 200 139
::1 - - [16/Apr/2023:14:50:15 +0200] "GET /phpmyadmin/js/get_scripts.js.php?scripts[]=db_structure.js&scripts[]=tbl_change.js HTTP/1.1" 200 12382
::1 - - [16/Apr/2023:14:50:15 +0200] "POST /phpmyadmin/navigation.php?ajax_request=1&token=22278da279fda2c01ce203796a98daf9 HTTP/1.1" 200 666
::1 - - [16/Apr/2023:14:50:15 +0200] "GET /phpmyadmin/index.php?ajax_request=1&recent_table=1&token=22278da279fda2c01ce203796a98daf9 HTTP/1.1" 200 221
::1 - - [16/Apr/2023:14:50:22 +0200] "GET /phpmyadmin/db_structure.php?db=test&token=22278da279fda2c01ce203796a98daf9&ajax_request=true&ajax_page_request=true&menuHashes=d7063b79-5cc30270-a861552a&_nocache=1681649422355922114 HTTP/1.1" 200 12624
::1 - - [16/Apr/2023:14:50:44 +0200] "GET /phpmyadmin/db_sql.php?db=test&token=22278da279fda2c01ce203796a98daf9&db_query_force=1&ajax_request=true&ajax_page_request=true&menuHashes=d7063b79-5cc30270-a861552a-d24d9cd7&_nocache=1681649444385888461 HTTP/1.1" 200 7053
::1 - - [16/Apr/2023:14:50:44 +0200] "GET /phpmyadmin/js/get_scripts.js.php?scripts[]=makegrid.js&scripts[]=sql.js HTTP/1.1" 200 35099
::1 - - [16/Apr/2023:14:50:46 +0200] "GET /phpmyadmin/db_structure.php?db=test&token=22278da279fda2c01ce203796a98daf9&ajax_request=true&ajax_page_request=true&menuHashes=d7063b79-5cc30270-a861552a-d24d9cd7-a7fedb03&_nocache=1681649446805989794 HTTP/1.1" 200 9515
