[Wed May 24 09:47:30.726109 2023] [mpm_winnt:notice] [pid 10620:tid 792] AH00455: Apache/2.4.6 (Win32) PHP/5.4.17 configured -- resuming normal operations
[Wed May 24 09:47:30.726109 2023] [mpm_winnt:notice] [pid 10620:tid 792] AH00456: Apache Lounge VC10 Server built: Jul 16 2013 11:15:41
[Wed May 24 09:47:30.726109 2023] [core:notice] [pid 10620:tid 792] AH00094: Command line: 'C:\\Users\\degroote.medric\\Documents\\GitHub\\eindewerk/apache2/bin/httpd_usbwv8.exe -d C:/Users/degroote.medric/Documents/GitHub/eindewerk/apache2'
[Wed May 24 09:47:30.726109 2023] [mpm_winnt:notice] [pid 10620:tid 792] AH00418: Parent: Created child process 3536
[Wed May 24 09:47:31.410603 2023] [mpm_winnt:notice] [pid 3536:tid 784] AH00354: Child: Starting 64 worker threads.
[Wed May 24 09:50:19.153779 2023] [:error] [pid 3536:tid 1320] [client ::1:55775] PHP Parse error:  syntax error, unexpected '' (T_ENCAPSED_AND_WHITESPACE), expecting identifier (T_STRING) or variable (T_VARIABLE) or number (T_NUM_STRING) in C:\\Users\\degroote.medric\\Documents\\GitHub\\eindewerk\\root\\eindwerk\\update.php on line 11, referer: http://localhost:8080/eindwerk/welkom.php
[Wed May 24 09:51:31.842254 2023] [:error] [pid 3536:tid 1320] [client ::1:55835] PHP Parse error:  syntax error, unexpected '' (T_ENCAPSED_AND_WHITESPACE), expecting identifier (T_STRING) or variable (T_VARIABLE) or number (T_NUM_STRING) in C:\\Users\\degroote.medric\\Documents\\GitHub\\eindewerk\\root\\eindwerk\\update.php on line 11, referer: http://localhost:8080/eindwerk/welkom.php
[Wed May 24 09:51:35.805116 2023] [:error] [pid 3536:tid 1320] [client ::1:55835] PHP Parse error:  syntax error, unexpected '' (T_ENCAPSED_AND_WHITESPACE), expecting identifier (T_STRING) or variable (T_VARIABLE) or number (T_NUM_STRING) in C:\\Users\\degroote.medric\\Documents\\GitHub\\eindewerk\\root\\eindwerk\\update.php on line 11, referer: http://localhost:8080/eindwerk/welkom.php
[Wed May 24 09:54:39.321306 2023] [:error] [pid 3536:tid 1320] [client ::1:55873] PHP Parse error:  syntax error, unexpected '' (T_ENCAPSED_AND_WHITESPACE), expecting identifier (T_STRING) or variable (T_VARIABLE) or number (T_NUM_STRING) in C:\\Users\\degroote.medric\\Documents\\GitHub\\eindewerk\\root\\eindwerk\\update.php on line 11, referer: http://localhost:8080/eindwerk/welkom.php
[Wed May 24 09:54:41.891697 2023] [:error] [pid 3536:tid 1320] [client ::1:55873] PHP Parse error:  syntax error, unexpected '' (T_ENCAPSED_AND_WHITESPACE), expecting identifier (T_STRING) or variable (T_VARIABLE) or number (T_NUM_STRING) in C:\\Users\\degroote.medric\\Documents\\GitHub\\eindewerk\\root\\eindwerk\\update.php on line 11, referer: http://localhost:8080/eindwerk/welkom.php
[Wed May 24 09:55:31.731338 2023] [:error] [pid 3536:tid 1320] [client ::1:55874] PHP Parse error:  syntax error, unexpected '' (T_ENCAPSED_AND_WHITESPACE), expecting identifier (T_STRING) or variable (T_VARIABLE) or number (T_NUM_STRING) in C:\\Users\\degroote.medric\\Documents\\GitHub\\eindewerk\\root\\eindwerk\\update.php on line 9, referer: http://localhost:8080/eindwerk/welkom.php
[Wed May 24 09:55:51.135897 2023] [:error] [pid 3536:tid 1320] [client ::1:55890] PHP Parse error:  syntax error, unexpected '' (T_ENCAPSED_AND_WHITESPACE), expecting identifier (T_STRING) or variable (T_VARIABLE) or number (T_NUM_STRING) in C:\\Users\\degroote.medric\\Documents\\GitHub\\eindewerk\\root\\eindwerk\\update.php on line 9, referer: http://localhost:8080/eindwerk/welkom.php
[Wed May 24 09:55:53.651292 2023] [:error] [pid 3536:tid 1320] [client ::1:55890] PHP Parse error:  syntax error, unexpected '' (T_ENCAPSED_AND_WHITESPACE), expecting identifier (T_STRING) or variable (T_VARIABLE) or number (T_NUM_STRING) in C:\\Users\\degroote.medric\\Documents\\GitHub\\eindewerk\\root\\eindwerk\\update.php on line 9, referer: http://localhost:8080/eindwerk/welkom.php
[Wed May 24 09:56:38.905967 2023] [:error] [pid 3536:tid 1320] [client ::1:55893] PHP Parse error:  syntax error, unexpected '' (T_ENCAPSED_AND_WHITESPACE), expecting identifier (T_STRING) or variable (T_VARIABLE) or number (T_NUM_STRING) in C:\\Users\\degroote.medric\\Documents\\GitHub\\eindewerk\\root\\eindwerk\\update.php on line 8, referer: http://localhost:8080/eindwerk/welkom.php
[Wed May 24 09:57:20.148545 2023] [:error] [pid 3536:tid 1320] [client ::1:55905] PHP Notice:  Undefined variable: Username in C:\\Users\\degroote.medric\\Documents\\GitHub\\eindewerk\\root\\eindwerk\\update.php on line 8, referer: http://localhost:8080/eindwerk/welkom.php
[Wed May 24 09:57:20.148545 2023] [:error] [pid 3536:tid 1320] [client ::1:55905] PHP Notice:  Undefined variable: Password in C:\\Users\\degroote.medric\\Documents\\GitHub\\eindewerk\\root\\eindwerk\\update.php on line 8, referer: http://localhost:8080/eindwerk/welkom.php
[Wed May 24 09:57:20.150543 2023] [:error] [pid 3536:tid 1320] [client ::1:55905] PHP Fatal error:  Call to undefined function alert() in C:\\Users\\degroote.medric\\Documents\\GitHub\\eindewerk\\root\\eindwerk\\update.php on line 18, referer: http://localhost:8080/eindwerk/welkom.php
[Wed May 24 09:58:36.754444 2023] [:error] [pid 3536:tid 1320] [client ::1:55930] PHP Notice:  Undefined variable: Username in C:\\Users\\degroote.medric\\Documents\\GitHub\\eindewerk\\root\\eindwerk\\update.php on line 8, referer: http://localhost:8080/eindwerk/welkom.php
[Wed May 24 09:58:36.754444 2023] [:error] [pid 3536:tid 1320] [client ::1:55930] PHP Notice:  Undefined variable: Password in C:\\Users\\degroote.medric\\Documents\\GitHub\\eindewerk\\root\\eindwerk\\update.php on line 8, referer: http://localhost:8080/eindwerk/welkom.php
[Wed May 24 09:58:36.755449 2023] [:error] [pid 3536:tid 1320] [client ::1:55930] PHP Fatal error:  Call to undefined function alert() in C:\\Users\\degroote.medric\\Documents\\GitHub\\eindewerk\\root\\eindwerk\\update.php on line 18, referer: http://localhost:8080/eindwerk/welkom.php
[Wed May 24 09:58:39.699225 2023] [:error] [pid 3536:tid 1320] [client ::1:55930] PHP Notice:  Undefined variable: Username in C:\\Users\\degroote.medric\\Documents\\GitHub\\eindewerk\\root\\eindwerk\\update.php on line 8, referer: http://localhost:8080/eindwerk/welkom.php
[Wed May 24 09:58:39.699225 2023] [:error] [pid 3536:tid 1320] [client ::1:55930] PHP Notice:  Undefined variable: Password in C:\\Users\\degroote.medric\\Documents\\GitHub\\eindewerk\\root\\eindwerk\\update.php on line 8, referer: http://localhost:8080/eindwerk/welkom.php
[Wed May 24 09:58:39.700223 2023] [:error] [pid 3536:tid 1320] [client ::1:55930] PHP Fatal error:  Call to undefined function alert() in C:\\Users\\degroote.medric\\Documents\\GitHub\\eindewerk\\root\\eindwerk\\update.php on line 18, referer: http://localhost:8080/eindwerk/welkom.php
[Wed May 24 09:58:43.588011 2023] [:error] [pid 3536:tid 1320] [client ::1:55930] PHP Notice:  Undefined variable: Username in C:\\Users\\degroote.medric\\Documents\\GitHub\\eindewerk\\root\\eindwerk\\update.php on line 8, referer: http://localhost:8080/eindwerk/welkom.php
[Wed May 24 09:58:43.588011 2023] [:error] [pid 3536:tid 1320] [client ::1:55930] PHP Notice:  Undefined variable: Password in C:\\Users\\degroote.medric\\Documents\\GitHub\\eindewerk\\root\\eindwerk\\update.php on line 8, referer: http://localhost:8080/eindwerk/welkom.php
[Wed May 24 09:58:43.588011 2023] [:error] [pid 3536:tid 1320] [client ::1:55930] PHP Fatal error:  Call to undefined function alert() in C:\\Users\\degroote.medric\\Documents\\GitHub\\eindewerk\\root\\eindwerk\\update.php on line 18, referer: http://localhost:8080/eindwerk/welkom.php
[Wed May 24 09:59:12.261867 2023] [:error] [pid 3536:tid 1320] [client ::1:55963] PHP Notice:  Undefined variable: Username in C:\\Users\\degroote.medric\\Documents\\GitHub\\eindewerk\\root\\eindwerk\\update.php on line 9, referer: http://localhost:8080/eindwerk/welkom.php
[Wed May 24 09:59:12.261867 2023] [:error] [pid 3536:tid 1320] [client ::1:55963] PHP Fatal error:  Call to undefined function alert() in C:\\Users\\degroote.medric\\Documents\\GitHub\\eindewerk\\root\\eindwerk\\update.php on line 19, referer: http://localhost:8080/eindwerk/welkom.php
[Wed May 24 10:01:26.599089 2023] [:error] [pid 3536:tid 1320] [client ::1:56008] PHP Notice:  Undefined variable: sql in C:\\Users\\degroote.medric\\Documents\\GitHub\\eindewerk\\root\\eindwerk\\update.php on line 26, referer: http://localhost:8080/eindwerk/welkom.php
[Wed May 24 10:01:26.599089 2023] [:error] [pid 3536:tid 1320] [client ::1:56008] PHP Warning:  mysqli::query(): Empty query in C:\\Users\\degroote.medric\\Documents\\GitHub\\eindewerk\\root\\eindwerk\\update.php on line 26, referer: http://localhost:8080/eindwerk/welkom.php
[Wed May 24 10:09:38.061516 2023] [:error] [pid 3536:tid 1320] [client ::1:56141] PHP Notice:  Undefined index: ingelogd in C:\\Users\\degroote.medric\\Documents\\GitHub\\eindewerk\\root\\eindwerk\\afspraak maken.php on line 65, referer: http://localhost:8080/eindwerk/homepagina.html
[Wed May 24 10:17:27.585329 2023] [:error] [pid 3536:tid 1320] [client ::1:56270] PHP Notice:  Undefined index: Username in C:\\Users\\degroote.medric\\Documents\\GitHub\\eindewerk\\root\\eindwerk\\welkom.php on line 86, referer: http://localhost:8080/eindwerk/login.php
[Wed May 24 10:17:27.585329 2023] [:error] [pid 3536:tid 1320] [client ::1:56270] PHP Notice:  Undefined index: Password in C:\\Users\\degroote.medric\\Documents\\GitHub\\eindewerk\\root\\eindwerk\\welkom.php on line 87, referer: http://localhost:8080/eindwerk/login.php
[Wed May 24 10:17:27.585329 2023] [:error] [pid 3536:tid 1320] [client ::1:56270] PHP Notice:  Undefined index: automodel in C:\\Users\\degroote.medric\\Documents\\GitHub\\eindewerk\\root\\eindwerk\\welkom.php on line 88, referer: http://localhost:8080/eindwerk/login.php
[Wed May 24 10:17:27.585329 2023] [:error] [pid 3536:tid 1320] [client ::1:56270] PHP Notice:  Undefined variable: conn in C:\\Users\\degroote.medric\\Documents\\GitHub\\eindewerk\\root\\eindwerk\\welkom.php on line 94, referer: http://localhost:8080/eindwerk/login.php
[Wed May 24 10:17:27.585329 2023] [:error] [pid 3536:tid 1320] [client ::1:56270] PHP Warning:  mysqli_query() expects parameter 1 to be mysqli, null given in C:\\Users\\degroote.medric\\Documents\\GitHub\\eindewerk\\root\\eindwerk\\welkom.php on line 94, referer: http://localhost:8080/eindwerk/login.php
[Wed May 24 10:17:27.585329 2023] [:error] [pid 3536:tid 1320] [client ::1:56270] PHP Notice:  Undefined variable: conn in C:\\Users\\degroote.medric\\Documents\\GitHub\\eindewerk\\root\\eindwerk\\welkom.php on line 97, referer: http://localhost:8080/eindwerk/login.php
[Wed May 24 10:17:27.585329 2023] [:error] [pid 3536:tid 1320] [client ::1:56270] PHP Fatal error:  Call to a member function query() on a non-object in C:\\Users\\degroote.medric\\Documents\\GitHub\\eindewerk\\root\\eindwerk\\welkom.php on line 97, referer: http://localhost:8080/eindwerk/login.php
[Wed May 24 10:17:56.159189 2023] [:error] [pid 3536:tid 1320] [client ::1:56271] PHP Notice:  Undefined index: Username in C:\\Users\\degroote.medric\\Documents\\GitHub\\eindewerk\\root\\eindwerk\\welkom.php on line 86, referer: http://localhost:8080/eindwerk/login.php
[Wed May 24 10:17:56.159189 2023] [:error] [pid 3536:tid 1320] [client ::1:56271] PHP Notice:  Undefined index: Password in C:\\Users\\degroote.medric\\Documents\\GitHub\\eindewerk\\root\\eindwerk\\welkom.php on line 87, referer: http://localhost:8080/eindwerk/login.php
[Wed May 24 10:17:56.159189 2023] [:error] [pid 3536:tid 1320] [client ::1:56271] PHP Notice:  Undefined index: automodel in C:\\Users\\degroote.medric\\Documents\\GitHub\\eindewerk\\root\\eindwerk\\welkom.php on line 88, referer: http://localhost:8080/eindwerk/login.php
[Wed May 24 10:17:56.159189 2023] [:error] [pid 3536:tid 1320] [client ::1:56271] PHP Notice:  Undefined variable: conn in C:\\Users\\degroote.medric\\Documents\\GitHub\\eindewerk\\root\\eindwerk\\welkom.php on line 94, referer: http://localhost:8080/eindwerk/login.php
[Wed May 24 10:17:56.159189 2023] [:error] [pid 3536:tid 1320] [client ::1:56271] PHP Warning:  mysqli_query() expects parameter 1 to be mysqli, null given in C:\\Users\\degroote.medric\\Documents\\GitHub\\eindewerk\\root\\eindwerk\\welkom.php on line 94, referer: http://localhost:8080/eindwerk/login.php
[Wed May 24 10:17:56.159189 2023] [:error] [pid 3536:tid 1320] [client ::1:56271] PHP Notice:  Undefined variable: conn in C:\\Users\\degroote.medric\\Documents\\GitHub\\eindewerk\\root\\eindwerk\\welkom.php on line 97, referer: http://localhost:8080/eindwerk/login.php
[Wed May 24 10:17:56.159189 2023] [:error] [pid 3536:tid 1320] [client ::1:56271] PHP Fatal error:  Call to a member function query() on a non-object in C:\\Users\\degroote.medric\\Documents\\GitHub\\eindewerk\\root\\eindwerk\\welkom.php on line 97, referer: http://localhost:8080/eindwerk/login.php
[Wed May 24 10:18:28.632497 2023] [:error] [pid 3536:tid 1320] [client ::1:56287] PHP Notice:  Undefined index: Password in C:\\Users\\degroote.medric\\Documents\\GitHub\\eindewerk\\root\\eindwerk\\welkom.php on line 88, referer: http://localhost:8080/eindwerk/login.php
[Wed May 24 10:18:28.632497 2023] [:error] [pid 3536:tid 1320] [client ::1:56287] PHP Notice:  Undefined index: automodel in C:\\Users\\degroote.medric\\Documents\\GitHub\\eindewerk\\root\\eindwerk\\welkom.php on line 89, referer: http://localhost:8080/eindwerk/login.php
[Wed May 24 10:18:28.632497 2023] [:error] [pid 3536:tid 1320] [client ::1:56287] PHP Notice:  Undefined variable: Username in C:\\Users\\degroote.medric\\Documents\\GitHub\\eindewerk\\root\\eindwerk\\welkom.php on line 92, referer: http://localhost:8080/eindwerk/login.php
[Wed May 24 10:18:28.632497 2023] [:error] [pid 3536:tid 1320] [client ::1:56287] PHP Notice:  Undefined variable: conn in C:\\Users\\degroote.medric\\Documents\\GitHub\\eindewerk\\root\\eindwerk\\welkom.php on line 95, referer: http://localhost:8080/eindwerk/login.php
[Wed May 24 10:18:28.632497 2023] [:error] [pid 3536:tid 1320] [client ::1:56287] PHP Warning:  mysqli_query() expects parameter 1 to be mysqli, null given in C:\\Users\\degroote.medric\\Documents\\GitHub\\eindewerk\\root\\eindwerk\\welkom.php on line 95, referer: http://localhost:8080/eindwerk/login.php
[Wed May 24 10:18:28.632497 2023] [:error] [pid 3536:tid 1320] [client ::1:56287] PHP Notice:  Undefined variable: conn in C:\\Users\\degroote.medric\\Documents\\GitHub\\eindewerk\\root\\eindwerk\\welkom.php on line 98, referer: http://localhost:8080/eindwerk/login.php
[Wed May 24 10:18:28.632497 2023] [:error] [pid 3536:tid 1320] [client ::1:56287] PHP Fatal error:  Call to a member function query() on a non-object in C:\\Users\\degroote.medric\\Documents\\GitHub\\eindewerk\\root\\eindwerk\\welkom.php on line 98, referer: http://localhost:8080/eindwerk/login.php
[Wed May 24 10:18:35.759248 2023] [:error] [pid 3536:tid 1320] [client ::1:56292] PHP Notice:  Undefined index: Password in C:\\Users\\degroote.medric\\Documents\\GitHub\\eindewerk\\root\\eindwerk\\welkom.php on line 88, referer: http://localhost:8080/eindwerk/login.php
[Wed May 24 10:18:35.759248 2023] [:error] [pid 3536:tid 1320] [client ::1:56292] PHP Notice:  Undefined index: automodel in C:\\Users\\degroote.medric\\Documents\\GitHub\\eindewerk\\root\\eindwerk\\welkom.php on line 89, referer: http://localhost:8080/eindwerk/login.php
[Wed May 24 10:18:35.759248 2023] [:error] [pid 3536:tid 1320] [client ::1:56292] PHP Notice:  Undefined variable: Username in C:\\Users\\degroote.medric\\Documents\\GitHub\\eindewerk\\root\\eindwerk\\welkom.php on line 92, referer: http://localhost:8080/eindwerk/login.php
[Wed May 24 10:18:35.759248 2023] [:error] [pid 3536:tid 1320] [client ::1:56292] PHP Notice:  Undefined variable: conn in C:\\Users\\degroote.medric\\Documents\\GitHub\\eindewerk\\root\\eindwerk\\welkom.php on line 95, referer: http://localhost:8080/eindwerk/login.php
[Wed May 24 10:18:35.759248 2023] [:error] [pid 3536:tid 1320] [client ::1:56292] PHP Warning:  mysqli_query() expects parameter 1 to be mysqli, null given in C:\\Users\\degroote.medric\\Documents\\GitHub\\eindewerk\\root\\eindwerk\\welkom.php on line 95, referer: http://localhost:8080/eindwerk/login.php
[Wed May 24 10:18:35.759248 2023] [:error] [pid 3536:tid 1320] [client ::1:56292] PHP Notice:  Undefined variable: conn in C:\\Users\\degroote.medric\\Documents\\GitHub\\eindewerk\\root\\eindwerk\\welkom.php on line 98, referer: http://localhost:8080/eindwerk/login.php
[Wed May 24 10:18:35.759248 2023] [:error] [pid 3536:tid 1320] [client ::1:56292] PHP Fatal error:  Call to a member function query() on a non-object in C:\\Users\\degroote.medric\\Documents\\GitHub\\eindewerk\\root\\eindwerk\\welkom.php on line 98, referer: http://localhost:8080/eindwerk/login.php
[Wed May 24 10:18:36.894924 2023] [:error] [pid 3536:tid 1320] [client ::1:56292] PHP Notice:  Undefined index: Password in C:\\Users\\degroote.medric\\Documents\\GitHub\\eindewerk\\root\\eindwerk\\welkom.php on line 88, referer: http://localhost:8080/eindwerk/login.php
[Wed May 24 10:18:36.894924 2023] [:error] [pid 3536:tid 1320] [client ::1:56292] PHP Notice:  Undefined index: automodel in C:\\Users\\degroote.medric\\Documents\\GitHub\\eindewerk\\root\\eindwerk\\welkom.php on line 89, referer: http://localhost:8080/eindwerk/login.php
[Wed May 24 10:18:36.894924 2023] [:error] [pid 3536:tid 1320] [client ::1:56292] PHP Notice:  Undefined variable: Username in C:\\Users\\degroote.medric\\Documents\\GitHub\\eindewerk\\root\\eindwerk\\welkom.php on line 92, referer: http://localhost:8080/eindwerk/login.php
[Wed May 24 10:18:36.894924 2023] [:error] [pid 3536:tid 1320] [client ::1:56292] PHP Notice:  Undefined variable: conn in C:\\Users\\degroote.medric\\Documents\\GitHub\\eindewerk\\root\\eindwerk\\welkom.php on line 95, referer: http://localhost:8080/eindwerk/login.php
[Wed May 24 10:18:36.894924 2023] [:error] [pid 3536:tid 1320] [client ::1:56292] PHP Warning:  mysqli_query() expects parameter 1 to be mysqli, null given in C:\\Users\\degroote.medric\\Documents\\GitHub\\eindewerk\\root\\eindwerk\\welkom.php on line 95, referer: http://localhost:8080/eindwerk/login.php
[Wed May 24 10:18:36.895923 2023] [:error] [pid 3536:tid 1320] [client ::1:56292] PHP Notice:  Undefined variable: conn in C:\\Users\\degroote.medric\\Documents\\GitHub\\eindewerk\\root\\eindwerk\\welkom.php on line 98, referer: http://localhost:8080/eindwerk/login.php
[Wed May 24 10:18:36.895923 2023] [:error] [pid 3536:tid 1320] [client ::1:56292] PHP Fatal error:  Call to a member function query() on a non-object in C:\\Users\\degroote.medric\\Documents\\GitHub\\eindewerk\\root\\eindwerk\\welkom.php on line 98, referer: http://localhost:8080/eindwerk/login.php
[Wed May 24 10:23:54.733702 2023] [:error] [pid 3536:tid 1320] [client ::1:56382] PHP Parse error:  syntax error, unexpected '$adres' (T_VARIABLE) in C:\\Users\\degroote.medric\\Documents\\GitHub\\eindewerk\\root\\eindwerk\\welkom.php on line 96, referer: http://localhost:8080/eindwerk/login.php
[Wed May 24 10:24:06.814554 2023] [:error] [pid 3536:tid 1324] [client ::1:56396] PHP Notice:  Undefined index: ingelogd in C:\\Users\\degroote.medric\\Documents\\GitHub\\eindewerk\\root\\eindwerk\\afspraak maken.php on line 65, referer: http://localhost:8080/eindwerk/homepagina.html
[Wed May 24 10:24:27.910381 2023] [:error] [pid 3536:tid 1324] [client ::1:56419] PHP Parse error:  syntax error, unexpected '$adres' (T_VARIABLE) in C:\\Users\\degroote.medric\\Documents\\GitHub\\eindewerk\\root\\eindwerk\\welkom.php on line 96, referer: http://localhost:8080/eindwerk/login.php
[Wed May 24 10:25:08.228491 2023] [:error] [pid 3536:tid 1324] [client ::1:56432] PHP Parse error:  syntax error, unexpected '$adres' (T_VARIABLE) in C:\\Users\\degroote.medric\\Documents\\GitHub\\eindewerk\\root\\eindwerk\\welkom.php on line 96, referer: http://localhost:8080/eindwerk/login.php
[Wed May 24 10:25:36.223861 2023] [:error] [pid 3536:tid 1324] [client ::1:56446] PHP Notice:  Undefined variable: conn in C:\\Users\\degroote.medric\\Documents\\GitHub\\eindewerk\\root\\eindwerk\\welkom.php on line 99, referer: http://localhost:8080/eindwerk/welkom.php
[Wed May 24 10:25:36.223861 2023] [:error] [pid 3536:tid 1324] [client ::1:56446] PHP Warning:  mysqli_query() expects parameter 1 to be mysqli, null given in C:\\Users\\degroote.medric\\Documents\\GitHub\\eindewerk\\root\\eindwerk\\welkom.php on line 99, referer: http://localhost:8080/eindwerk/welkom.php
[Wed May 24 10:25:36.224861 2023] [:error] [pid 3536:tid 1324] [client ::1:56446] PHP Notice:  Undefined variable: conn in C:\\Users\\degroote.medric\\Documents\\GitHub\\eindewerk\\root\\eindwerk\\welkom.php on line 102, referer: http://localhost:8080/eindwerk/welkom.php
[Wed May 24 10:25:36.224861 2023] [:error] [pid 3536:tid 1324] [client ::1:56446] PHP Fatal error:  Call to a member function query() on a non-object in C:\\Users\\degroote.medric\\Documents\\GitHub\\eindewerk\\root\\eindwerk\\welkom.php on line 102, referer: http://localhost:8080/eindwerk/welkom.php
[Wed May 24 10:37:25.761898 2023] [:error] [pid 3536:tid 1324] [client ::1:56681] PHP Notice:  Undefined index: ingelogd in C:\\Users\\degroote.medric\\Documents\\GitHub\\eindewerk\\root\\eindwerk\\afspraak maken.php on line 98, referer: http://localhost:8080/eindwerk/login.php
[Wed May 24 10:37:28.390948 2023] [:error] [pid 3536:tid 1324] [client ::1:56681] PHP Notice:  Undefined index: ingelogd in C:\\Users\\degroote.medric\\Documents\\GitHub\\eindewerk\\root\\eindwerk\\afspraak maken.php on line 98, referer: http://localhost:8080/eindwerk/login.php
[Wed May 24 10:37:54.518746 2023] [:error] [pid 3536:tid 1324] [client ::1:56683] PHP Notice:  Undefined index: ingelogd in C:\\Users\\degroote.medric\\Documents\\GitHub\\eindewerk\\root\\eindwerk\\afspraak maken.php on line 98, referer: http://localhost:8080/eindwerk/login.php
[Wed May 24 10:37:54.942811 2023] [:error] [pid 3536:tid 1324] [client ::1:56683] PHP Notice:  Undefined index: ingelogd in C:\\Users\\degroote.medric\\Documents\\GitHub\\eindewerk\\root\\eindwerk\\afspraak maken.php on line 98, referer: http://localhost:8080/eindwerk/login.php
[Wed May 24 10:37:55.102864 2023] [:error] [pid 3536:tid 1324] [client ::1:56683] PHP Notice:  Undefined index: ingelogd in C:\\Users\\degroote.medric\\Documents\\GitHub\\eindewerk\\root\\eindwerk\\afspraak maken.php on line 98, referer: http://localhost:8080/eindwerk/login.php
[Wed May 24 10:37:55.286793 2023] [:error] [pid 3536:tid 1324] [client ::1:56683] PHP Notice:  Undefined index: ingelogd in C:\\Users\\degroote.medric\\Documents\\GitHub\\eindewerk\\root\\eindwerk\\afspraak maken.php on line 98, referer: http://localhost:8080/eindwerk/login.php
[Wed May 24 10:37:55.454786 2023] [:error] [pid 3536:tid 1324] [client ::1:56683] PHP Notice:  Undefined index: ingelogd in C:\\Users\\degroote.medric\\Documents\\GitHub\\eindewerk\\root\\eindwerk\\afspraak maken.php on line 98, referer: http://localhost:8080/eindwerk/login.php
[Wed May 24 10:37:55.606738 2023] [:error] [pid 3536:tid 1324] [client ::1:56683] PHP Notice:  Undefined index: ingelogd in C:\\Users\\degroote.medric\\Documents\\GitHub\\eindewerk\\root\\eindwerk\\afspraak maken.php on line 98, referer: http://localhost:8080/eindwerk/login.php
[Wed May 24 10:38:23.663637 2023] [:error] [pid 3536:tid 1324] [client ::1:56704] PHP Notice:  Undefined index: ingelogd in C:\\Users\\degroote.medric\\Documents\\GitHub\\eindewerk\\root\\eindwerk\\afspraak maken.php on line 98, referer: http://localhost:8080/eindwerk/login.php
[Wed May 24 10:38:24.166579 2023] [:error] [pid 3536:tid 1324] [client ::1:56704] PHP Notice:  Undefined index: ingelogd in C:\\Users\\degroote.medric\\Documents\\GitHub\\eindewerk\\root\\eindwerk\\afspraak maken.php on line 98, referer: http://localhost:8080/eindwerk/login.php
[Wed May 24 10:38:24.334544 2023] [:error] [pid 3536:tid 1324] [client ::1:56704] PHP Notice:  Undefined index: ingelogd in C:\\Users\\degroote.medric\\Documents\\GitHub\\eindewerk\\root\\eindwerk\\afspraak maken.php on line 98, referer: http://localhost:8080/eindwerk/login.php
[Wed May 24 10:38:24.502522 2023] [:error] [pid 3536:tid 1324] [client ::1:56704] PHP Notice:  Undefined index: ingelogd in C:\\Users\\degroote.medric\\Documents\\GitHub\\eindewerk\\root\\eindwerk\\afspraak maken.php on line 98, referer: http://localhost:8080/eindwerk/login.php
[Wed May 24 10:38:46.160612 2023] [:error] [pid 3536:tid 1324] [client ::1:56719] PHP Notice:  Undefined index: ingelogd in C:\\Users\\degroote.medric\\Documents\\GitHub\\eindewerk\\root\\eindwerk\\afspraak maken.php on line 98, referer: http://localhost:8080/eindwerk/login.php
[Wed May 24 10:38:46.638434 2023] [:error] [pid 3536:tid 1324] [client ::1:56719] PHP Notice:  Undefined index: ingelogd in C:\\Users\\degroote.medric\\Documents\\GitHub\\eindewerk\\root\\eindwerk\\afspraak maken.php on line 98, referer: http://localhost:8080/eindwerk/login.php
[Wed May 24 10:38:46.790848 2023] [:error] [pid 3536:tid 1324] [client ::1:56719] PHP Notice:  Undefined index: ingelogd in C:\\Users\\degroote.medric\\Documents\\GitHub\\eindewerk\\root\\eindwerk\\afspraak maken.php on line 98, referer: http://localhost:8080/eindwerk/login.php
[Wed May 24 10:38:46.974297 2023] [:error] [pid 3536:tid 1324] [client ::1:56719] PHP Notice:  Undefined index: ingelogd in C:\\Users\\degroote.medric\\Documents\\GitHub\\eindewerk\\root\\eindwerk\\afspraak maken.php on line 98, referer: http://localhost:8080/eindwerk/login.php
[Wed May 24 10:38:47.158396 2023] [:error] [pid 3536:tid 1324] [client ::1:56719] PHP Notice:  Undefined index: ingelogd in C:\\Users\\degroote.medric\\Documents\\GitHub\\eindewerk\\root\\eindwerk\\afspraak maken.php on line 98, referer: http://localhost:8080/eindwerk/login.php
[Wed May 24 10:38:47.582444 2023] [:error] [pid 3536:tid 1324] [client ::1:56719] PHP Notice:  Undefined index: ingelogd in C:\\Users\\degroote.medric\\Documents\\GitHub\\eindewerk\\root\\eindwerk\\afspraak maken.php on line 98, referer: http://localhost:8080/eindwerk/login.php
[Wed May 24 10:38:47.758436 2023] [:error] [pid 3536:tid 1324] [client ::1:56719] PHP Notice:  Undefined index: ingelogd in C:\\Users\\degroote.medric\\Documents\\GitHub\\eindewerk\\root\\eindwerk\\afspraak maken.php on line 98, referer: http://localhost:8080/eindwerk/login.php
[Wed May 24 10:38:47.966383 2023] [:error] [pid 3536:tid 1324] [client ::1:56719] PHP Notice:  Undefined index: ingelogd in C:\\Users\\degroote.medric\\Documents\\GitHub\\eindewerk\\root\\eindwerk\\afspraak maken.php on line 98, referer: http://localhost:8080/eindwerk/login.php
[Wed May 24 10:39:02.590335 2023] [:error] [pid 3536:tid 1324] [client ::1:56736] PHP Notice:  Undefined index: ingelogd in C:\\Users\\degroote.medric\\Documents\\GitHub\\eindewerk\\root\\eindwerk\\afspraak maken.php on line 98, referer: http://localhost:8080/eindwerk/login.php
[Wed May 24 10:39:58.615290 2023] [:error] [pid 3536:tid 1324] [client ::1:56747] PHP Notice:  Undefined index: ingelogd in C:\\Users\\degroote.medric\\Documents\\GitHub\\eindewerk\\root\\eindwerk\\afspraak maken.php on line 98, referer: http://localhost:8080/eindwerk/login.php
[Wed May 24 10:39:59.893824 2023] [:error] [pid 3536:tid 1324] [client ::1:56747] PHP Notice:  Undefined index: ingelogd in C:\\Users\\degroote.medric\\Documents\\GitHub\\eindewerk\\root\\eindwerk\\afspraak maken.php on line 98, referer: http://localhost:8080/eindwerk/login.php
[Wed May 24 10:40:00.390842 2023] [:error] [pid 3536:tid 1320] [client ::1:56766] PHP Notice:  Undefined index: ingelogd in C:\\Users\\degroote.medric\\Documents\\GitHub\\eindewerk\\root\\eindwerk\\afspraak maken.php on line 98, referer: http://localhost:8080/eindwerk/login.php
[Wed May 24 10:40:00.525843 2023] [:error] [pid 3536:tid 1324] [client ::1:56747] PHP Notice:  Undefined index: ingelogd in C:\\Users\\degroote.medric\\Documents\\GitHub\\eindewerk\\root\\eindwerk\\afspraak maken.php on line 98, referer: http://localhost:8080/eindwerk/login.php
[Wed May 24 10:41:15.511076 2023] [:error] [pid 3536:tid 1320] [client ::1:56812] PHP Notice:  Undefined index: ingelogd in C:\\Users\\degroote.medric\\Documents\\GitHub\\eindewerk\\root\\eindwerk\\afspraak maken.php on line 98, referer: http://localhost:8080/eindwerk/login.php
[Wed May 24 10:41:40.455419 2023] [:error] [pid 3536:tid 1320] [client ::1:56813] PHP Notice:  Undefined index: ingelogd in C:\\Users\\degroote.medric\\Documents\\GitHub\\eindewerk\\root\\eindwerk\\afspraak maken.php on line 98, referer: http://localhost:8080/eindwerk/login.php
[Wed May 24 10:41:41.109280 2023] [:error] [pid 3536:tid 1320] [client ::1:56813] PHP Notice:  Undefined index: ingelogd in C:\\Users\\degroote.medric\\Documents\\GitHub\\eindewerk\\root\\eindwerk\\afspraak maken.php on line 98, referer: http://localhost:8080/eindwerk/login.php
[Wed May 24 10:41:42.309116 2023] [:error] [pid 3536:tid 1320] [client ::1:56813] PHP Notice:  Undefined index: ingelogd in C:\\Users\\degroote.medric\\Documents\\GitHub\\eindewerk\\root\\eindwerk\\afspraak maken.php on line 98, referer: http://localhost:8080/eindwerk/login.php
[Wed May 24 10:41:53.598626 2023] [:error] [pid 3536:tid 1324] [client ::1:56831] PHP Notice:  Undefined index: ingelogd in C:\\Users\\degroote.medric\\Documents\\GitHub\\eindewerk\\root\\eindwerk\\afspraak maken.php on line 98, referer: http://localhost:8080/eindwerk/login.php
[Wed May 24 10:42:11.790529 2023] [:error] [pid 3536:tid 1324] [client ::1:56833] PHP Notice:  Undefined index: ingelogd in C:\\Users\\degroote.medric\\Documents\\GitHub\\eindewerk\\root\\eindwerk\\afspraak maken.php on line 98, referer: http://localhost:8080/eindwerk/login.php
[Wed May 24 10:42:13.900925 2023] [:error] [pid 3536:tid 1324] [client ::1:56833] PHP Notice:  Undefined index: ingelogd in C:\\Users\\degroote.medric\\Documents\\GitHub\\eindewerk\\root\\eindwerk\\afspraak maken.php on line 98, referer: http://localhost:8080/eindwerk/login.php
[Wed May 24 10:42:26.880071 2023] [:error] [pid 3536:tid 1320] [client ::1:56848] PHP Notice:  Undefined index: ingelogd in C:\\Users\\degroote.medric\\Documents\\GitHub\\eindewerk\\root\\eindwerk\\afspraak maken.php on line 98, referer: http://localhost:8080/eindwerk/login.php
[Wed May 24 10:43:20.179240 2023] [:error] [pid 3536:tid 1324] [client ::1:56857] PHP Notice:  Undefined index: ingelogd in C:\\Users\\degroote.medric\\Documents\\GitHub\\eindewerk\\root\\eindwerk\\afspraak maken.php on line 98
[Wed May 24 10:43:30.384481 2023] [:error] [pid 3536:tid 1316] [client ::1:56863] PHP Notice:  Undefined index: ingelogd in C:\\Users\\degroote.medric\\Documents\\GitHub\\eindewerk\\root\\eindwerk\\afspraak maken.php on line 98, referer: http://localhost:8080/eindwerk/
[Wed May 24 10:44:12.309359 2023] [:error] [pid 3536:tid 1316] [client ::1:56865] PHP Notice:  Undefined index: ingelogd in C:\\Users\\degroote.medric\\Documents\\GitHub\\eindewerk\\root\\eindwerk\\afspraak maken.php on line 98, referer: http://localhost:8080/eindwerk/login.php
[Wed May 24 10:44:12.310361 2023] [:error] [pid 3536:tid 1324] [client ::1:56890] PHP Notice:  Undefined index: ingelogd in C:\\Users\\degroote.medric\\Documents\\GitHub\\eindewerk\\root\\eindwerk\\afspraak maken.php on line 98, referer: http://localhost:8080/eindwerk/
[Wed May 24 10:44:12.310361 2023] [:error] [pid 3536:tid 1328] [client ::1:56889] PHP Notice:  Undefined index: ingelogd in C:\\Users\\degroote.medric\\Documents\\GitHub\\eindewerk\\root\\eindwerk\\afspraak maken.php on line 98, referer: http://localhost:8080/eindwerk/
[Wed May 24 10:44:16.562479 2023] [:error] [pid 3536:tid 1328] [client ::1:56893] PHP Notice:  Undefined index: ingelogd in C:\\Users\\degroote.medric\\Documents\\GitHub\\eindewerk\\root\\eindwerk\\afspraak maken.php on line 98, referer: http://localhost:8080/eindwerk/
[Wed May 24 10:45:21.297786 2023] [:error] [pid 3536:tid 1324] [client ::1:56913] PHP Notice:  Undefined index: ingelogd in C:\\Users\\degroote.medric\\Documents\\GitHub\\eindewerk\\root\\eindwerk\\afspraak maken.php on line 98, referer: http://localhost:8080/eindwerk/
[Wed May 24 10:46:01.088608 2023] [:error] [pid 3536:tid 1324] [client ::1:56921] PHP Notice:  Undefined index: ingelogd in C:\\Users\\degroote.medric\\Documents\\GitHub\\eindewerk\\root\\eindwerk\\afspraak maken.php on line 98, referer: http://localhost:8080/eindwerk/
[Wed May 24 10:46:01.712351 2023] [:error] [pid 3536:tid 1328] [client ::1:56922] PHP Notice:  Undefined index: ingelogd in C:\\Users\\degroote.medric\\Documents\\GitHub\\eindewerk\\root\\eindwerk\\afspraak maken.php on line 98, referer: http://localhost:8080/eindwerk/
[Wed May 24 10:46:18.132408 2023] [:error] [pid 3536:tid 1328] [client ::1:56929] PHP Notice:  Undefined index: ingelogd in C:\\Users\\degroote.medric\\Documents\\GitHub\\eindewerk\\root\\eindwerk\\afspraak maken.php on line 98, referer: http://localhost:8080/eindwerk/
[Wed May 24 10:46:19.448856 2023] [:error] [pid 3536:tid 1328] [client ::1:56929] PHP Notice:  Undefined index: ingelogd in C:\\Users\\degroote.medric\\Documents\\GitHub\\eindewerk\\root\\eindwerk\\afspraak maken.php on line 98, referer: http://localhost:8080/eindwerk/
[Wed May 24 10:46:46.122705 2023] [:error] [pid 3536:tid 1324] [client ::1:56939] PHP Notice:  Undefined index: ingelogd in C:\\Users\\degroote.medric\\Documents\\GitHub\\eindewerk\\root\\eindwerk\\afspraak maken.php on line 98, referer: http://localhost:8080/eindwerk/
[Wed May 24 10:46:47.609089 2023] [:error] [pid 3536:tid 1324] [client ::1:56939] PHP Notice:  Undefined index: ingelogd in C:\\Users\\degroote.medric\\Documents\\GitHub\\eindewerk\\root\\eindwerk\\afspraak maken.php on line 98, referer: http://localhost:8080/eindwerk/
[Wed May 24 10:46:55.433085 2023] [:error] [pid 3536:tid 1328] [client ::1:56946] PHP Notice:  Undefined index: ingelogd in C:\\Users\\degroote.medric\\Documents\\GitHub\\eindewerk\\root\\eindwerk\\afspraak maken.php on line 98, referer: http://localhost:8080/eindwerk/
[Wed May 24 10:47:31.379792 2023] [:error] [pid 3536:tid 1324] [client ::1:56971] PHP Notice:  Undefined index: ingelogd in C:\\Users\\degroote.medric\\Documents\\GitHub\\eindewerk\\root\\eindwerk\\afspraak maken.php on line 98, referer: http://localhost:8080/eindwerk/
[Wed May 24 10:52:45.129640 2023] [:error] [pid 3536:tid 1324] [client ::1:57131] PHP Notice:  Undefined index: ingelogd in C:\\Users\\degroote.medric\\Documents\\GitHub\\eindewerk\\root\\eindwerk\\afspraak maken.php on line 98, referer: http://localhost:8080/eindwerk/login.php
[Wed May 24 10:58:17.017578 2023] [:error] [pid 3536:tid 1324] [client ::1:57287] PHP Parse error:  syntax error, unexpected '}', expecting ',' or ';' in C:\\Users\\degroote.medric\\Documents\\GitHub\\eindewerk\\root\\eindwerk\\afspraak maken.php on line 96, referer: http://localhost:8080/eindwerk/
[Wed May 24 10:59:33.102661 2023] [:error] [pid 3536:tid 1324] [client ::1:57313] PHP Parse error:  syntax error, unexpected '}', expecting ',' or ';' in C:\\Users\\degroote.medric\\Documents\\GitHub\\eindewerk\\root\\eindwerk\\afspraak maken.php on line 96, referer: http://localhost:8080/eindwerk/
[Wed May 24 10:59:34.180993 2023] [:error] [pid 3536:tid 1324] [client ::1:57313] PHP Parse error:  syntax error, unexpected '}', expecting ',' or ';' in C:\\Users\\degroote.medric\\Documents\\GitHub\\eindewerk\\root\\eindwerk\\afspraak maken.php on line 96, referer: http://localhost:8080/eindwerk/
[Wed May 24 10:59:34.846100 2023] [:error] [pid 3536:tid 1324] [client ::1:57313] PHP Parse error:  syntax error, unexpected '}', expecting ',' or ';' in C:\\Users\\degroote.medric\\Documents\\GitHub\\eindewerk\\root\\eindwerk\\afspraak maken.php on line 96, referer: http://localhost:8080/eindwerk/
[Wed May 24 10:59:35.005446 2023] [:error] [pid 3536:tid 1324] [client ::1:57313] PHP Parse error:  syntax error, unexpected '}', expecting ',' or ';' in C:\\Users\\degroote.medric\\Documents\\GitHub\\eindewerk\\root\\eindwerk\\afspraak maken.php on line 96, referer: http://localhost:8080/eindwerk/
[Wed May 24 10:59:35.165031 2023] [:error] [pid 3536:tid 1324] [client ::1:57313] PHP Parse error:  syntax error, unexpected '}', expecting ',' or ';' in C:\\Users\\degroote.medric\\Documents\\GitHub\\eindewerk\\root\\eindwerk\\afspraak maken.php on line 96, referer: http://localhost:8080/eindwerk/
[Wed May 24 10:59:35.316048 2023] [:error] [pid 3536:tid 1324] [client ::1:57313] PHP Parse error:  syntax error, unexpected '}', expecting ',' or ';' in C:\\Users\\degroote.medric\\Documents\\GitHub\\eindewerk\\root\\eindwerk\\afspraak maken.php on line 96, referer: http://localhost:8080/eindwerk/
[Wed May 24 10:59:35.461326 2023] [:error] [pid 3536:tid 1324] [client ::1:57313] PHP Parse error:  syntax error, unexpected '}', expecting ',' or ';' in C:\\Users\\degroote.medric\\Documents\\GitHub\\eindewerk\\root\\eindwerk\\afspraak maken.php on line 96, referer: http://localhost:8080/eindwerk/
[Wed May 24 10:59:35.622047 2023] [:error] [pid 3536:tid 1324] [client ::1:57313] PHP Parse error:  syntax error, unexpected '}', expecting ',' or ';' in C:\\Users\\degroote.medric\\Documents\\GitHub\\eindewerk\\root\\eindwerk\\afspraak maken.php on line 96, referer: http://localhost:8080/eindwerk/
[Wed May 24 10:59:35.758599 2023] [:error] [pid 3536:tid 1324] [client ::1:57313] PHP Parse error:  syntax error, unexpected '}', expecting ',' or ';' in C:\\Users\\degroote.medric\\Documents\\GitHub\\eindewerk\\root\\eindwerk\\afspraak maken.php on line 96, referer: http://localhost:8080/eindwerk/
[Wed May 24 10:59:35.917008 2023] [:error] [pid 3536:tid 1324] [client ::1:57313] PHP Parse error:  syntax error, unexpected '}', expecting ',' or ';' in C:\\Users\\degroote.medric\\Documents\\GitHub\\eindewerk\\root\\eindwerk\\afspraak maken.php on line 96, referer: http://localhost:8080/eindwerk/
[Wed May 24 10:59:46.407335 2023] [:error] [pid 3536:tid 1324] [client ::1:57314] PHP Notice:  Undefined index: ingelogd in C:\\Users\\degroote.medric\\Documents\\GitHub\\eindewerk\\root\\eindwerk\\afspraak maken.php on line 103, referer: http://localhost:8080/eindwerk/
[Wed May 24 11:01:28.014220 2023] [:error] [pid 3536:tid 1324] [client ::1:57369] PHP Notice:  Undefined variable: _SESSION in C:\\Users\\degroote.medric\\Documents\\GitHub\\eindewerk\\root\\eindwerk\\afspraak maken.php on line 66, referer: http://localhost:8080/eindwerk/afspraak%20maken.php
[Wed May 24 11:01:44.765672 2023] [:error] [pid 3536:tid 1324] [client ::1:57371] PHP Notice:  A session had already been started - ignoring session_start() in C:\\Users\\degroote.medric\\Documents\\GitHub\\eindewerk\\root\\eindwerk\\afspraak maken.php on line 104, referer: http://localhost:8080/eindwerk/afspraak%20maken.php
[Wed May 24 11:01:50.542510 2023] [:error] [pid 3536:tid 1324] [client ::1:57376] PHP Notice:  A session had already been started - ignoring session_start() in C:\\Users\\degroote.medric\\Documents\\GitHub\\eindewerk\\root\\eindwerk\\afspraak maken.php on line 103, referer: http://localhost:8080/eindwerk/afspraak%20maken.php
[Wed May 24 11:02:03.495386 2023] [:error] [pid 3536:tid 1324] [client ::1:57380] PHP Notice:  Undefined index: ingelogd in C:\\Users\\degroote.medric\\Documents\\GitHub\\eindewerk\\root\\eindwerk\\afspraak maken.php on line 67, referer: http://localhost:8080/eindwerk/login.php
[Wed May 24 11:02:53.287365 2023] [:error] [pid 3536:tid 1324] [client ::1:57410] PHP Notice:  Undefined variable: conn in C:\\Users\\degroote.medric\\Documents\\GitHub\\eindewerk\\root\\eindwerk\\welkom.php on line 99, referer: http://localhost:8080/eindwerk/welkom.php
[Wed May 24 11:02:53.287365 2023] [:error] [pid 3536:tid 1324] [client ::1:57410] PHP Warning:  mysqli_query() expects parameter 1 to be mysqli, null given in C:\\Users\\degroote.medric\\Documents\\GitHub\\eindewerk\\root\\eindwerk\\welkom.php on line 99, referer: http://localhost:8080/eindwerk/welkom.php
[Wed May 24 11:02:53.287365 2023] [:error] [pid 3536:tid 1324] [client ::1:57410] PHP Notice:  Undefined variable: conn in C:\\Users\\degroote.medric\\Documents\\GitHub\\eindewerk\\root\\eindwerk\\welkom.php on line 102, referer: http://localhost:8080/eindwerk/welkom.php
[Wed May 24 11:02:53.287365 2023] [:error] [pid 3536:tid 1324] [client ::1:57410] PHP Fatal error:  Call to a member function query() on a non-object in C:\\Users\\degroote.medric\\Documents\\GitHub\\eindewerk\\root\\eindwerk\\welkom.php on line 102, referer: http://localhost:8080/eindwerk/welkom.php
[Wed May 24 11:04:14.084889 2023] [:error] [pid 3536:tid 1324] [client ::1:57430] PHP Notice:  Undefined variable: conn in C:\\Users\\degroote.medric\\Documents\\GitHub\\eindewerk\\root\\eindwerk\\welkom.php on line 98, referer: http://localhost:8080/eindwerk/welkom.php
[Wed May 24 11:04:14.084889 2023] [:error] [pid 3536:tid 1324] [client ::1:57430] PHP Warning:  mysqli_query() expects parameter 1 to be mysqli, null given in C:\\Users\\degroote.medric\\Documents\\GitHub\\eindewerk\\root\\eindwerk\\welkom.php on line 98, referer: http://localhost:8080/eindwerk/welkom.php
[Wed May 24 11:04:14.084889 2023] [:error] [pid 3536:tid 1324] [client ::1:57430] PHP Notice:  Undefined variable: conn in C:\\Users\\degroote.medric\\Documents\\GitHub\\eindewerk\\root\\eindwerk\\welkom.php on line 101, referer: http://localhost:8080/eindwerk/welkom.php
[Wed May 24 11:04:14.084889 2023] [:error] [pid 3536:tid 1324] [client ::1:57430] PHP Fatal error:  Call to a member function query() on a non-object in C:\\Users\\degroote.medric\\Documents\\GitHub\\eindewerk\\root\\eindwerk\\welkom.php on line 101, referer: http://localhost:8080/eindwerk/welkom.php
[Wed May 24 11:10:43.649190 2023] [:error] [pid 3536:tid 1324] [client ::1:57519] PHP Parse error:  syntax error, unexpected '=', expecting identifier (T_STRING) or '(' in C:\\Users\\degroote.medric\\Documents\\GitHub\\eindewerk\\root\\eindwerk\\welkom.php on line 85, referer: http://localhost:8080/eindwerk/welkom.php
[Wed May 24 11:11:04.784951 2023] [:error] [pid 3536:tid 1324] [client ::1:57520] PHP Parse error:  syntax error, unexpected '"update()"' (T_CONSTANT_ENCAPSED_STRING), expecting identifier (T_STRING) or '(' in C:\\Users\\degroote.medric\\Documents\\GitHub\\eindewerk\\root\\eindwerk\\welkom.php on line 85, referer: http://localhost:8080/eindwerk/welkom.php
