2023-03-09 16:55:51 15812 [Note] Plugin 'FEDERATED' is disabled.
2023-03-09 16:55:51 15812 [Note] InnoDB: The InnoDB memory heap is disabled
2023-03-09 16:55:51 15812 [Note] InnoDB: Mutexes and rw_locks use Windows interlocked functions
2023-03-09 16:55:51 15812 [Note] InnoDB: Compressed tables use zlib 1.2.3
2023-03-09 16:55:51 15812 [Note] InnoDB: Not using CPU crc32 instructions
2023-03-09 16:55:51 15812 [Note] InnoDB: Initializing buffer pool, size = 128.0M
2023-03-09 16:55:51 15812 [Note] InnoDB: Completed initialization of buffer pool
2023-03-09 16:55:51 15812 [Note] InnoDB: Setting log file C:\Users\degroote.medric\Documents\GitHub\eindewerk\mysql\data\ib_logfile101 size to 5 MB
2023-03-09 16:55:51 15812 [Note] InnoDB: Setting log file C:\Users\degroote.medric\Documents\GitHub\eindewerk\mysql\data\ib_logfile1 size to 5 MB
2023-03-09 16:55:51 15812 [Note] InnoDB: Renaming log file C:\Users\degroote.medric\Documents\GitHub\eindewerk\mysql\data\ib_logfile101 to C:\Users\degroote.medric\Documents\GitHub\eindewerk\mysql\data\ib_logfile0
2023-03-09 16:55:51 15812 [Warning] InnoDB: New log files created, LSN=1626134
2023-03-09 16:55:51 15812 [Note] InnoDB: Highest supported file format is Barracuda.
2023-03-09 16:55:51 15812 [Note] InnoDB: 128 rollback segment(s) are active.
2023-03-09 16:55:51 15812 [Note] InnoDB: Waiting for purge to start
2023-03-09 16:55:51 15812 [Note] InnoDB: 5.6.13 started; log sequence number 1626636
2023-03-09 16:55:51 15812 [Warning] No existing UUID has been found, so we assume that this is the first time that this server has been started. Generating a new UUID: ddf9ca0a-be92-11ed-92e3-7054d2be4772.
2023-03-09 16:55:51 15812 [Note] Server hostname (bind-address): '*'; port: 3307
2023-03-09 16:55:51 15812 [Note] IPv6 is available.
2023-03-09 16:55:51 15812 [Note]   - '::' resolves to '::';
2023-03-09 16:55:51 15812 [Note] Server socket created on IP: '::'.
