2023-03-10 21:29:40 2756 [Note] Plugin 'FEDERATED' is disabled.
2023-03-10 21:29:40 2756 [Note] InnoDB: The InnoDB memory heap is disabled
2023-03-10 21:29:40 2756 [Note] InnoDB: Mutexes and rw_locks use Windows interlocked functions
2023-03-10 21:29:40 2756 [Note] InnoDB: Compressed tables use zlib 1.2.3
2023-03-10 21:29:40 2756 [Note] InnoDB: Not using CPU crc32 instructions
2023-03-10 21:29:40 2756 [Note] InnoDB: Initializing buffer pool, size = 128.0M
2023-03-10 21:29:40 2756 [Note] InnoDB: Completed initialization of buffer pool
2023-03-10 21:29:40 2756 [Note] InnoDB: Highest supported file format is Barracuda.
2023-03-10 21:29:40 2756 [Note] InnoDB: The log sequence numbers 1626134 and 1626134 in ibdata files do not match the log sequence number 1626656 in the ib_logfiles!
2023-03-10 21:29:40 2756 [Note] InnoDB: Database was not shutdown normally!
2023-03-10 21:29:40 2756 [Note] InnoDB: Starting crash recovery.
2023-03-10 21:29:40 2756 [Note] InnoDB: Reading tablespace information from the .ibd files...
2023-03-10 21:29:40 2756 [Note] InnoDB: Restoring possible half-written data pages 
2023-03-10 21:29:40 2756 [Note] InnoDB: from the doublewrite buffer...
2023-03-10 21:29:40 2756 [Note] InnoDB: 128 rollback segment(s) are active.
2023-03-10 21:29:40 2756 [Note] InnoDB: Waiting for purge to start
2023-03-10 21:29:40 2756 [Note] InnoDB: 5.6.13 started; log sequence number 1626656
2023-03-10 21:29:40 2756 [Note] Server hostname (bind-address): '*'; port: 3307
2023-03-10 21:29:40 2756 [Note] IPv6 is available.
2023-03-10 21:29:40 2756 [Note]   - '::' resolves to '::';
2023-03-10 21:29:40 2756 [Note] Server socket created on IP: '::'.
2023-04-16 14:45:44 2640 [Note] Plugin 'FEDERATED' is disabled.
2023-04-16 14:45:44 2640 [Note] InnoDB: The InnoDB memory heap is disabled
2023-04-16 14:45:44 2640 [Note] InnoDB: Mutexes and rw_locks use Windows interlocked functions
2023-04-16 14:45:44 2640 [Note] InnoDB: Compressed tables use zlib 1.2.3
2023-04-16 14:45:44 2640 [Note] InnoDB: Not using CPU crc32 instructions
2023-04-16 14:45:44 2640 [Note] InnoDB: Initializing buffer pool, size = 128.0M
2023-04-16 14:45:44 2640 [Note] InnoDB: Completed initialization of buffer pool
2023-04-16 14:45:44 2640 [Note] InnoDB: Highest supported file format is Barracuda.
2023-04-16 14:45:44 2640 [Note] InnoDB: The log sequence numbers 1626134 and 1626134 in ibdata files do not match the log sequence number 1626686 in the ib_logfiles!
2023-04-16 14:45:44 2640 [Note] InnoDB: Database was not shutdown normally!
2023-04-16 14:45:44 2640 [Note] InnoDB: Starting crash recovery.
2023-04-16 14:45:44 2640 [Note] InnoDB: Reading tablespace information from the .ibd files...
2023-04-16 14:45:44 2640 [Note] InnoDB: Restoring possible half-written data pages 
2023-04-16 14:45:44 2640 [Note] InnoDB: from the doublewrite buffer...
2023-04-16 14:45:44 2640 [Note] InnoDB: 128 rollback segment(s) are active.
2023-04-16 14:45:44 2640 [Note] InnoDB: Waiting for purge to start
2023-04-16 14:45:44 2640 [Note] InnoDB: 5.6.13 started; log sequence number 1626686
2023-04-16 14:45:44 2640 [Note] Server hostname (bind-address): '*'; port: 3307
2023-04-16 14:45:44 2640 [Note] IPv6 is available.
2023-04-16 14:45:44 2640 [Note]   - '::' resolves to '::';
2023-04-16 14:45:44 2640 [Note] Server socket created on IP: '::'.
2023-05-11 14:02:21 9060 [Note] Plugin 'FEDERATED' is disabled.
2023-05-11 14:02:21 9060 [Note] InnoDB: The InnoDB memory heap is disabled
2023-05-11 14:02:21 9060 [Note] InnoDB: Mutexes and rw_locks use Windows interlocked functions
2023-05-11 14:02:21 9060 [Note] InnoDB: Compressed tables use zlib 1.2.3
2023-05-11 14:02:21 9060 [Note] InnoDB: Not using CPU crc32 instructions
2023-05-11 14:02:21 9060 [Note] InnoDB: Initializing buffer pool, size = 128.0M
2023-05-11 14:02:21 9060 [Note] InnoDB: Completed initialization of buffer pool
2023-05-11 14:02:21 9060 [Note] InnoDB: Highest supported file format is Barracuda.
2023-05-11 14:02:21 9060 [Note] InnoDB: The log sequence numbers 1626134 and 1626134 in ibdata files do not match the log sequence number 1708214 in the ib_logfiles!
2023-05-11 14:02:21 9060 [Note] InnoDB: Database was not shutdown normally!
2023-05-11 14:02:21 9060 [Note] InnoDB: Starting crash recovery.
2023-05-11 14:02:21 9060 [Note] InnoDB: Reading tablespace information from the .ibd files...
2023-05-11 14:02:21 9060 [Note] InnoDB: Restoring possible half-written data pages 
2023-05-11 14:02:21 9060 [Note] InnoDB: from the doublewrite buffer...
2023-05-11 14:02:21 9060 [Note] InnoDB: 128 rollback segment(s) are active.
2023-05-11 14:02:21 9060 [Note] InnoDB: Waiting for purge to start
2023-05-11 14:02:21 9060 [Note] InnoDB: 5.6.13 started; log sequence number 1708214
2023-05-11 14:02:21 9060 [Note] Server hostname (bind-address): '*'; port: 3307
2023-05-11 14:02:21 9060 [Note] IPv6 is available.
2023-05-11 14:02:21 9060 [Note]   - '::' resolves to '::';
2023-05-11 14:02:21 9060 [Note] Server socket created on IP: '::'.
2023-05-18 12:57:18 7792 [Note] Plugin 'FEDERATED' is disabled.
2023-05-18 12:57:18 7792 [Note] InnoDB: The InnoDB memory heap is disabled
2023-05-18 12:57:18 7792 [Note] InnoDB: Mutexes and rw_locks use Windows interlocked functions
2023-05-18 12:57:18 7792 [Note] InnoDB: Compressed tables use zlib 1.2.3
2023-05-18 12:57:18 7792 [Note] InnoDB: Not using CPU crc32 instructions
2023-05-18 12:57:18 7792 [Note] InnoDB: Initializing buffer pool, size = 128.0M
2023-05-18 12:57:18 7792 [Note] InnoDB: Completed initialization of buffer pool
2023-05-18 12:57:18 7792 [Note] InnoDB: Highest supported file format is Barracuda.
2023-05-18 12:57:18 7792 [Note] InnoDB: The log sequence numbers 1626134 and 1626134 in ibdata files do not match the log sequence number 1790751 in the ib_logfiles!
2023-05-18 12:57:18 7792 [Note] InnoDB: Database was not shutdown normally!
2023-05-18 12:57:18 7792 [Note] InnoDB: Starting crash recovery.
2023-05-18 12:57:18 7792 [Note] InnoDB: Reading tablespace information from the .ibd files...
2023-05-18 12:57:18 7792 [Note] InnoDB: Restoring possible half-written data pages 
2023-05-18 12:57:18 7792 [Note] InnoDB: from the doublewrite buffer...
2023-05-18 12:57:18 7792 [Note] InnoDB: 128 rollback segment(s) are active.
2023-05-18 12:57:18 7792 [Note] InnoDB: Waiting for purge to start
2023-05-18 12:57:18 7792 [Note] InnoDB: 5.6.13 started; log sequence number 1790751
2023-05-18 12:57:18 7792 [Note] Server hostname (bind-address): '*'; port: 3307
2023-05-18 12:57:18 7792 [Note] IPv6 is available.
2023-05-18 12:57:18 7792 [Note]   - '::' resolves to '::';
2023-05-18 12:57:18 7792 [Note] Server socket created on IP: '::'.
2023-05-19 20:12:32 7428 [Note] Plugin 'FEDERATED' is disabled.
2023-05-19 20:12:32 7428 [Note] InnoDB: The InnoDB memory heap is disabled
2023-05-19 20:12:32 7428 [Note] InnoDB: Mutexes and rw_locks use Windows interlocked functions
2023-05-19 20:12:32 7428 [Note] InnoDB: Compressed tables use zlib 1.2.3
2023-05-19 20:12:32 7428 [Note] InnoDB: Not using CPU crc32 instructions
2023-05-19 20:12:32 7428 [Note] InnoDB: Initializing buffer pool, size = 128.0M
2023-05-19 20:12:32 7428 [Note] InnoDB: Completed initialization of buffer pool
2023-05-19 20:12:32 7428 [Note] InnoDB: Highest supported file format is Barracuda.
2023-05-19 20:12:32 7428 [Note] InnoDB: The log sequence numbers 1626134 and 1626134 in ibdata files do not match the log sequence number 1790761 in the ib_logfiles!
2023-05-19 20:12:32 7428 [Note] InnoDB: Database was not shutdown normally!
2023-05-19 20:12:32 7428 [Note] InnoDB: Starting crash recovery.
2023-05-19 20:12:32 7428 [Note] InnoDB: Reading tablespace information from the .ibd files...
2023-05-19 20:12:32 7428 [Note] InnoDB: Restoring possible half-written data pages 
2023-05-19 20:12:32 7428 [Note] InnoDB: from the doublewrite buffer...
2023-05-19 20:12:32 7428 [Note] InnoDB: 128 rollback segment(s) are active.
2023-05-19 20:12:32 7428 [Note] InnoDB: Waiting for purge to start
2023-05-19 20:12:33 7428 [Note] InnoDB: 5.6.13 started; log sequence number 1790761
2023-05-19 20:12:33 7428 [Note] Server hostname (bind-address): '*'; port: 3307
2023-05-19 20:12:33 7428 [Note] IPv6 is available.
2023-05-19 20:12:33 7428 [Note]   - '::' resolves to '::';
2023-05-19 20:12:33 7428 [Note] Server socket created on IP: '::'.
2023-06-01 21:20:12 19504 [Note] Plugin 'FEDERATED' is disabled.
2023-06-01 21:20:12 19504 [Note] InnoDB: The InnoDB memory heap is disabled
2023-06-01 21:20:12 19504 [Note] InnoDB: Mutexes and rw_locks use Windows interlocked functions
2023-06-01 21:20:12 19504 [Note] InnoDB: Compressed tables use zlib 1.2.3
2023-06-01 21:20:12 19504 [Note] InnoDB: Not using CPU crc32 instructions
2023-06-01 21:20:12 19504 [Note] InnoDB: Initializing buffer pool, size = 128.0M
2023-06-01 21:20:12 19504 [Note] InnoDB: Completed initialization of buffer pool
2023-06-01 21:20:12 19504 [Note] InnoDB: Highest supported file format is Barracuda.
2023-06-01 21:20:12 19504 [Note] InnoDB: The log sequence numbers 1626134 and 1626134 in ibdata files do not match the log sequence number 1829746 in the ib_logfiles!
2023-06-01 21:20:12 19504 [Note] InnoDB: Database was not shutdown normally!
2023-06-01 21:20:12 19504 [Note] InnoDB: Starting crash recovery.
2023-06-01 21:20:12 19504 [Note] InnoDB: Reading tablespace information from the .ibd files...
2023-06-01 21:20:12 19504 [Note] InnoDB: Restoring possible half-written data pages 
2023-06-01 21:20:12 19504 [Note] InnoDB: from the doublewrite buffer...
2023-06-01 21:20:12 19504 [Note] InnoDB: 128 rollback segment(s) are active.
2023-06-01 21:20:12 19504 [Note] InnoDB: Waiting for purge to start
2023-06-01 21:20:12 19504 [Note] InnoDB: 5.6.13 started; log sequence number 1829746
2023-06-01 21:20:12 19504 [Note] Server hostname (bind-address): '*'; port: 3307
2023-06-01 21:20:12 19504 [Note] IPv6 is available.
2023-06-01 21:20:12 19504 [Note]   - '::' resolves to '::';
2023-06-01 21:20:12 19504 [Note] Server socket created on IP: '::'.
2023-06-01 21:46:34 19088 [Note] Plugin 'FEDERATED' is disabled.
2023-06-01 21:46:34 19088 [Note] InnoDB: The InnoDB memory heap is disabled
2023-06-01 21:46:34 19088 [Note] InnoDB: Mutexes and rw_locks use Windows interlocked functions
2023-06-01 21:46:34 19088 [Note] InnoDB: Compressed tables use zlib 1.2.3
2023-06-01 21:46:34 19088 [Note] InnoDB: Not using CPU crc32 instructions
2023-06-01 21:46:34 19088 [Note] InnoDB: Initializing buffer pool, size = 128.0M
2023-06-01 21:46:34 19088 [Note] InnoDB: Completed initialization of buffer pool
2023-06-01 21:46:34 19088 [ERROR] InnoDB: C:\Users\Redux Gamer\Documents\taken 2022-2023\informatica\webdesign\eindwerk\eindwerk_medric\eindwerk\eindewerk\mysql\data\ibdata1 can't be opened in read-write mode
2023-06-01 21:46:34 19088 [ERROR] InnoDB: The system tablespace must be writable!
2023-06-01 21:46:34 19088 [ERROR] Plugin 'InnoDB' init function returned error.
2023-06-01 21:46:34 19088 [ERROR] Plugin 'InnoDB' registration as a STORAGE ENGINE failed.
2023-06-01 21:46:34 19088 [ERROR] Unknown/unsupported storage engine: InnoDB
2023-06-01 21:46:34 19088 [ERROR] Aborting

2023-06-01 21:46:34 19088 [Note] Binlog end
2023-06-01 21:46:34 19088 [Note] Shutting down plugin 'partition'
2023-06-01 21:46:34 19088 [Note] Shutting down plugin 'PERFORMANCE_SCHEMA'
2023-06-01 21:46:34 19088 [Note] Shutting down plugin 'INNODB_SYS_DATAFILES'
2023-06-01 21:46:34 19088 [Note] Shutting down plugin 'INNODB_SYS_TABLESPACES'
2023-06-01 21:46:34 19088 [Note] Shutting down plugin 'INNODB_SYS_FOREIGN_COLS'
2023-06-01 21:46:34 19088 [Note] Shutting down plugin 'INNODB_SYS_FOREIGN'
2023-06-01 21:46:34 19088 [Note] Shutting down plugin 'INNODB_SYS_FIELDS'
2023-06-01 21:46:34 19088 [Note] Shutting down plugin 'INNODB_SYS_COLUMNS'
2023-06-01 21:46:34 19088 [Note] Shutting down plugin 'INNODB_SYS_INDEXES'
2023-06-01 21:46:34 19088 [Note] Shutting down plugin 'INNODB_SYS_TABLESTATS'
2023-06-01 21:46:34 19088 [Note] Shutting down plugin 'INNODB_SYS_TABLES'
2023-06-01 21:46:34 19088 [Note] Shutting down plugin 'INNODB_FT_INDEX_TABLE'
2023-06-01 21:46:34 19088 [Note] Shutting down plugin 'INNODB_FT_INDEX_CACHE'
2023-06-01 21:46:34 19088 [Note] Shutting down plugin 'INNODB_FT_CONFIG'
2023-06-01 21:46:34 19088 [Note] Shutting down plugin 'INNODB_FT_BEING_DELETED'
2023-06-01 21:46:34 19088 [Note] Shutting down plugin 'INNODB_FT_DELETED'
2023-06-01 21:46:34 19088 [Note] Shutting down plugin 'INNODB_FT_DEFAULT_STOPWORD'
2023-06-01 21:46:34 19088 [Note] Shutting down plugin 'INNODB_METRICS'
2023-06-01 21:46:34 19088 [Note] Shutting down plugin 'INNODB_BUFFER_POOL_STATS'
2023-06-01 21:46:34 19088 [Note] Shutting down plugin 'INNODB_BUFFER_PAGE_LRU'
2023-06-01 21:46:34 19088 [Note] Shutting down plugin 'INNODB_BUFFER_PAGE'
2023-06-01 21:46:34 19088 [Note] Shutting down plugin 'INNODB_CMP_PER_INDEX_RESET'
2023-06-01 21:46:34 19088 [Note] Shutting down plugin 'INNODB_CMP_PER_INDEX'
2023-06-01 21:46:34 19088 [Note] Shutting down plugin 'INNODB_CMPMEM_RESET'
2023-06-01 21:46:34 19088 [Note] Shutting down plugin 'INNODB_CMPMEM'
2023-06-01 21:46:34 19088 [Note] Shutting down plugin 'INNODB_CMP_RESET'
2023-06-01 21:46:34 19088 [Note] Shutting down plugin 'INNODB_CMP'
2023-06-01 21:46:34 19088 [Note] Shutting down plugin 'INNODB_LOCK_WAITS'
2023-06-01 21:46:34 19088 [Note] Shutting down plugin 'INNODB_LOCKS'
2023-06-01 21:46:34 19088 [Note] Shutting down plugin 'INNODB_TRX'
2023-06-01 21:46:34 19088 [Note] Shutting down plugin 'BLACKHOLE'
2023-06-01 21:46:34 19088 [Note] Shutting down plugin 'ARCHIVE'
2023-06-01 21:46:34 19088 [Note] Shutting down plugin 'MRG_MYISAM'
2023-06-01 21:46:34 19088 [Note] Shutting down plugin 'MyISAM'
2023-06-01 21:46:34 19088 [Note] Shutting down plugin 'MEMORY'
2023-06-01 21:46:34 19088 [Note] Shutting down plugin 'CSV'
2023-06-01 21:46:34 19088 [Note] Shutting down plugin 'sha256_password'
2023-06-01 21:46:34 19088 [Note] Shutting down plugin 'mysql_old_password'
2023-06-01 21:46:34 19088 [Note] Shutting down plugin 'mysql_native_password'
2023-06-01 21:46:34 19088 [Note] Shutting down plugin 'binlog'
2023-06-01 21:46:34 19088 [Note] C:\Users\Redux Gamer\Documents\taken 2022-2023\informatica\webdesign\eindwerk\eindwerk_medric\eindwerk\eindewerk/mysql/bin/mysqld_usbwv8.exe: Shutdown complete

2023-06-01 21:50:20 10692 [Note] Plugin 'FEDERATED' is disabled.
2023-06-01 21:50:20 10692 [Note] InnoDB: The InnoDB memory heap is disabled
2023-06-01 21:50:20 10692 [Note] InnoDB: Mutexes and rw_locks use Windows interlocked functions
2023-06-01 21:50:20 10692 [Note] InnoDB: Compressed tables use zlib 1.2.3
2023-06-01 21:50:20 10692 [Note] InnoDB: Not using CPU crc32 instructions
2023-06-01 21:50:20 10692 [Note] InnoDB: Initializing buffer pool, size = 128.0M
2023-06-01 21:50:20 10692 [Note] InnoDB: Completed initialization of buffer pool
2023-06-01 21:50:20 10692 [Note] InnoDB: Highest supported file format is Barracuda.
2023-06-01 21:50:20 10692 [Note] InnoDB: The log sequence numbers 1626134 and 1626134 in ibdata files do not match the log sequence number 1829756 in the ib_logfiles!
2023-06-01 21:50:20 10692 [Note] InnoDB: Database was not shutdown normally!
2023-06-01 21:50:20 10692 [Note] InnoDB: Starting crash recovery.
2023-06-01 21:50:20 10692 [Note] InnoDB: Reading tablespace information from the .ibd files...
2023-06-01 21:50:20 10692 [Note] InnoDB: Restoring possible half-written data pages 
2023-06-01 21:50:20 10692 [Note] InnoDB: from the doublewrite buffer...
2023-06-01 21:50:20 10692 [Note] InnoDB: 128 rollback segment(s) are active.
2023-06-01 21:50:20 10692 [Note] InnoDB: Waiting for purge to start
2023-06-01 21:50:20 10692 [Note] InnoDB: 5.6.13 started; log sequence number 1829756
2023-06-01 21:50:20 10692 [Note] Server hostname (bind-address): '*'; port: 3307
2023-06-01 21:50:20 10692 [Note] IPv6 is available.
2023-06-01 21:50:20 10692 [Note]   - '::' resolves to '::';
2023-06-01 21:50:20 10692 [Note] Server socket created on IP: '::'.
2023-06-02 18:03:03 32368 [Note] Plugin 'FEDERATED' is disabled.
2023-06-02 18:03:03 32368 [Note] InnoDB: The InnoDB memory heap is disabled
2023-06-02 18:03:03 32368 [Note] InnoDB: Mutexes and rw_locks use Windows interlocked functions
2023-06-02 18:03:03 32368 [Note] InnoDB: Compressed tables use zlib 1.2.3
2023-06-02 18:03:03 32368 [Note] InnoDB: Not using CPU crc32 instructions
2023-06-02 18:03:03 32368 [Note] InnoDB: Initializing buffer pool, size = 128.0M
2023-06-02 18:03:03 32368 [Note] InnoDB: Completed initialization of buffer pool
2023-06-02 18:03:03 32368 [Note] InnoDB: Highest supported file format is Barracuda.
2023-06-02 18:03:03 32368 [Note] InnoDB: The log sequence numbers 1626134 and 1626134 in ibdata files do not match the log sequence number 1835818 in the ib_logfiles!
2023-06-02 18:03:03 32368 [Note] InnoDB: Database was not shutdown normally!
2023-06-02 18:03:03 32368 [Note] InnoDB: Starting crash recovery.
2023-06-02 18:03:03 32368 [Note] InnoDB: Reading tablespace information from the .ibd files...
2023-06-02 18:03:03 32368 [Note] InnoDB: Restoring possible half-written data pages 
2023-06-02 18:03:03 32368 [Note] InnoDB: from the doublewrite buffer...
2023-06-02 18:03:03 32368 [Note] InnoDB: 128 rollback segment(s) are active.
2023-06-02 18:03:03 32368 [Note] InnoDB: Waiting for purge to start
2023-06-02 18:03:03 32368 [Note] InnoDB: 5.6.13 started; log sequence number 1835818
2023-06-02 18:03:03 32368 [Note] Server hostname (bind-address): '*'; port: 3307
2023-06-02 18:03:03 32368 [Note] IPv6 is available.
2023-06-02 18:03:03 32368 [Note]   - '::' resolves to '::';
2023-06-02 18:03:03 32368 [Note] Server socket created on IP: '::'.
